c:\users\ebulgakov\source\repos\tetris\debug\bin\intermadiates\vc141.pdb
c:\users\ebulgakov\source\repos\tetris\debug\bin\intermadiates\vc141.idb
c:\users\ebulgakov\source\repos\tetris\debug\bin\intermadiates\pieces.obj
c:\users\ebulgakov\source\repos\tetris\debug\bin\intermadiates\io.obj
c:\users\ebulgakov\source\repos\tetris\debug\bin\intermadiates\game.obj
c:\users\ebulgakov\source\repos\tetris\debug\bin\intermadiates\board.obj
c:\users\ebulgakov\source\repos\tetris\debug\bin\intermadiates\main.obj
c:\users\ebulgakov\source\repos\tetris\debug\bin\tetris.lib
c:\users\ebulgakov\source\repos\tetris\debug\bin\tetris.exp
c:\users\ebulgakov\source\repos\tetris\debug\bin\tetris.pdb
c:\users\ebulgakov\source\repos\tetris\debug\bin\intermadiates\tetris.tlog\cl.command.1.tlog
c:\users\ebulgakov\source\repos\tetris\debug\bin\intermadiates\tetris.tlog\cl.read.1.tlog
c:\users\ebulgakov\source\repos\tetris\debug\bin\intermadiates\tetris.tlog\cl.write.1.tlog
c:\users\ebulgakov\source\repos\tetris\debug\bin\intermadiates\tetris.tlog\link-cvtres.read.1.tlog
c:\users\ebulgakov\source\repos\tetris\debug\bin\intermadiates\tetris.tlog\link-cvtres.write.1.tlog
c:\users\ebulgakov\source\repos\tetris\debug\bin\intermadiates\tetris.tlog\link-rc.read.1.tlog
c:\users\ebulgakov\source\repos\tetris\debug\bin\intermadiates\tetris.tlog\link-rc.write.1.tlog
c:\users\ebulgakov\source\repos\tetris\debug\bin\intermadiates\tetris.tlog\link.32160-cvtres.read.1.tlog
c:\users\ebulgakov\source\repos\tetris\debug\bin\intermadiates\tetris.tlog\link.32160-cvtres.write.1.tlog
c:\users\ebulgakov\source\repos\tetris\debug\bin\intermadiates\tetris.tlog\link.32160-rc.read.1.tlog
c:\users\ebulgakov\source\repos\tetris\debug\bin\intermadiates\tetris.tlog\link.32160-rc.write.1.tlog
c:\users\ebulgakov\source\repos\tetris\debug\bin\intermadiates\tetris.tlog\link.32160.read.1.tlog
c:\users\ebulgakov\source\repos\tetris\debug\bin\intermadiates\tetris.tlog\link.32160.write.1.tlog
c:\users\ebulgakov\source\repos\tetris\debug\bin\intermadiates\tetris.tlog\link.command.1.tlog
c:\users\ebulgakov\source\repos\tetris\debug\bin\intermadiates\tetris.tlog\link.read.1.tlog
c:\users\ebulgakov\source\repos\tetris\debug\bin\intermadiates\tetris.tlog\link.write.1.tlog
c:\users\ebulgakov\source\repos\tetris\debug\bin\intermadiates\tetris.tlog\tetris.write.1u.tlog
